<?xml version="1.0" encoding="UTF-8"?>
<!-- Generated by org.testng.reporters.JUnitXMLReporter -->
<testsuite ignored="1" hostname="LAPTOP-V6HT4II3" failures="0" tests="6" name="Test" time="193.195" errors="0" timestamp="2024-02-25T21:23:45 IST">
  <testcase classname="Banjararide2.Simple1" name="@AfterTest tearDown" time="0.002">
    <failure type="java.lang.NullPointerException" message="Cannot invoke &amp;quot;io.appium.java_client.service.local.AppiumDriverLocalService.stop()&amp;quot; because &amp;quot;this.service&amp;quot; is null">
      <![CDATA[java.lang.NullPointerException: Cannot invoke "io.appium.java_client.service.local.AppiumDriverLocalService.stop()" because "this.service" is null
at Banjararide2.Simple1.tearDown(Simple1.java:14)
... Removed 24 stack frames]]>
    </failure>
  </testcase> <!-- @AfterTest tearDown -->
  <testcase classname="Banjararide2.Ride2" name="hirebike" time="37.496"/>
  <testcase classname="Banjararide2.Ride2" name="Mytools" time="13.49"/>
  <testcase classname="Banjararide2.Ride2" name="more" time="41.826"/>
  <testcase classname="Banjararide2.Ride2" name="notification" time="20.578"/>
  <testcase classname="Banjararide2.Ride2" name="Termandconditions" time="41.989"/>
  <testcase classname="Banjararide2.Ride2" name="callus" time="4.945"/>
  <testcase classname="Banjararide2.Ride2" name="login" time="0.0">
    <ignored/>
  </testcase> <!-- login -->
</testsuite> <!-- Test -->
