-------------------------------------------------------------------------------
Test set: Banjararide2.Ride2
-------------------------------------------------------------------------------
Tests run: 6, Failures: 3, Errors: 0, Skipped: 0, Time elapsed: 156.76 s <<< FAILURE! - in Banjararide2.Ride2
Banjararide2.Ride2.hirebike  Time elapsed: 10.099 s  <<< FAILURE!
org.openqa.selenium.NoSuchElementException: 
An element could not be located on the page using the given search parameters.
For documentation on this error, please visit: https://www.seleniumhq.org/exceptions/no_such_element.html
Build info: version: '3.141.59', revision: 'e82be7d358', time: '2018-11-14T08:17:03'
System info: host: 'LAPTOP-V6HT4II3', ip: '192.168.29.143', os.name: 'Windows 11', os.arch: 'amd64', os.version: '10.0', java.version: '21.0.1'
Driver info: io.appium.java_client.android.AndroidDriver
Capabilities {appActivity: com.forbinary.banjararide.M..., appPackage: com.forbinary.banjararide, automationName: UIAutomator2, databaseEnabled: false, desired: {appActivity: com.forbinary.banjararide.M..., appPackage: com.forbinary.banjararide, automationName: UIAutomator2, deviceName: Namo, noReset: true, platformName: android}, deviceApiLevel: 26, deviceManufacturer: Google, deviceModel: Android SDK built for x86, deviceName: emulator-5554, deviceScreenDensity: 440, deviceScreenSize: 1080x2220, deviceUDID: emulator-5554, javascriptEnabled: true, locationContextEnabled: false, networkConnectionEnabled: true, noReset: true, pixelRatio: 2.75, platform: LINUX, platformName: Android, platformVersion: 8.0.0, statBarHeight: 66, takesScreenshot: true, viewportRect: {height: 2022, left: 0, top: 66, width: 1080}, warnings: {}, webStorageEnabled: false}
Session ID: c405949d-14bb-46e2-b22e-f3a488d1d763
*** Element info: {Using=-android uiautomator, value=UiSelector().text("OK")}
	at Banjararide2.Ride2.hirebike(Ride2.java:49)

Banjararide2.Ride2.Mytools  Time elapsed: 10.451 s  <<< FAILURE!
org.openqa.selenium.NoSuchElementException: 
An element could not be located on the page using the given search parameters.
For documentation on this error, please visit: https://www.seleniumhq.org/exceptions/no_such_element.html
Build info: version: '3.141.59', revision: 'e82be7d358', time: '2018-11-14T08:17:03'
System info: host: 'LAPTOP-V6HT4II3', ip: '192.168.29.143', os.name: 'Windows 11', os.arch: 'amd64', os.version: '10.0', java.version: '21.0.1'
Driver info: io.appium.java_client.android.AndroidDriver
Capabilities {appActivity: com.forbinary.banjararide.M..., appPackage: com.forbinary.banjararide, automationName: UIAutomator2, databaseEnabled: false, desired: {appActivity: com.forbinary.banjararide.M..., appPackage: com.forbinary.banjararide, automationName: UIAutomator2, deviceName: Namo, noReset: true, platformName: android}, deviceApiLevel: 26, deviceManufacturer: Google, deviceModel: Android SDK built for x86, deviceName: emulator-5554, deviceScreenDensity: 440, deviceScreenSize: 1080x2220, deviceUDID: emulator-5554, javascriptEnabled: true, locationContextEnabled: false, networkConnectionEnabled: true, noReset: true, pixelRatio: 2.75, platform: LINUX, platformName: Android, platformVersion: 8.0.0, statBarHeight: 66, takesScreenshot: true, viewportRect: {height: 2022, left: 0, top: 66, width: 1080}, warnings: {}, webStorageEnabled: false}
Session ID: c405949d-14bb-46e2-b22e-f3a488d1d763
*** Element info: {Using=xpath, value=/hierarchy/android.widget.FrameLayout/android.widget.LinearLayout/android.widget.FrameLayout/android.widget.LinearLayout/android.widget.FrameLayout/android.widget.FrameLayout/android.view.ViewGroup/android.view.ViewGroup/android.view.ViewGroup/android.view.ViewGroup/android.view.ViewGroup/android.view.ViewGroup/android.view.ViewGroup/android.view.ViewGroup[2]/android.view.View/android.view.View[2]/android.view.ViewGroup}
	at Banjararide2.Ride2.Mytools(Ride2.java:81)

Banjararide2.Ride2.more  Time elapsed: 11.723 s  <<< FAILURE!
org.openqa.selenium.NoSuchElementException: 
An element could not be located on the page using the given search parameters.
For documentation on this error, please visit: https://www.seleniumhq.org/exceptions/no_such_element.html
Build info: version: '3.141.59', revision: 'e82be7d358', time: '2018-11-14T08:17:03'
System info: host: 'LAPTOP-V6HT4II3', ip: '192.168.29.143', os.name: 'Windows 11', os.arch: 'amd64', os.version: '10.0', java.version: '21.0.1'
Driver info: io.appium.java_client.android.AndroidDriver
Capabilities {appActivity: com.forbinary.banjararide.M..., appPackage: com.forbinary.banjararide, automationName: UIAutomator2, databaseEnabled: false, desired: {appActivity: com.forbinary.banjararide.M..., appPackage: com.forbinary.banjararide, automationName: UIAutomator2, deviceName: Namo, noReset: true, platformName: android}, deviceApiLevel: 26, deviceManufacturer: Google, deviceModel: Android SDK built for x86, deviceName: emulator-5554, deviceScreenDensity: 440, deviceScreenSize: 1080x2220, deviceUDID: emulator-5554, javascriptEnabled: true, locationContextEnabled: false, networkConnectionEnabled: true, noReset: true, pixelRatio: 2.75, platform: LINUX, platformName: Android, platformVersion: 8.0.0, statBarHeight: 66, takesScreenshot: true, viewportRect: {height: 2022, left: 0, top: 66, width: 1080}, warnings: {}, webStorageEnabled: false}
Session ID: c405949d-14bb-46e2-b22e-f3a488d1d763
*** Element info: {Using=xpath, value=/hierarchy/android.widget.FrameLayout/android.widget.LinearLayout/android.widget.FrameLayout/android.widget.LinearLayout/android.widget.FrameLayout/android.widget.FrameLayout/android.view.ViewGroup/android.view.ViewGroup/android.view.ViewGroup/android.view.ViewGroup/android.view.ViewGroup/android.view.ViewGroup/android.view.ViewGroup/android.view.ViewGroup[2]/android.view.View/android.view.View[3]/android.view.ViewGroup}
	at Banjararide2.Ride2.more(Ride2.java:106)

